0 info it worked if it ends with ok
1 verbose cli [ 'node', '/usr/local/bin/npm', 'publish' ]
2 info using npm@2.4.1
3 info using node@v0.11.16
4 verbose publish [ '.' ]
5 silly cache add args [ '.', null ]
6 verbose cache add spec .
7 silly cache add parsed spec { raw: '.',
7 silly cache add   scope: null,
7 silly cache add   name: null,
7 silly cache add   rawSpec: '.',
7 silly cache add   spec: '/home/sachin/workspace/ladda-angular',
7 silly cache add   type: 'directory' }
8 verbose addLocalDirectory /home/sachin/.npm/ladda-angular/1.0.1/package.tgz not in flight; packing
9 verbose tar pack [ '/home/sachin/.npm/ladda-angular/1.0.1/package.tgz',
9 verbose tar pack   '/home/sachin/workspace/ladda-angular' ]
10 verbose tarball /home/sachin/.npm/ladda-angular/1.0.1/package.tgz
11 verbose folder /home/sachin/workspace/ladda-angular
12 info prepublish ladda-angular@1.0.1
13 verbose addLocalTarball adding from inside cache /home/sachin/.npm/ladda-angular/1.0.1/package.tgz
14 silly cache afterAdd ladda-angular@1.0.1
15 verbose afterAdd /home/sachin/.npm/ladda-angular/1.0.1/package/package.json not in flight; writing
16 verbose afterAdd /home/sachin/.npm/ladda-angular/1.0.1/package/package.json written
17 silly publish { name: 'ladda-angular',
17 silly publish   version: '1.0.1',
17 silly publish   description: 'Ladda button directive for angularjs',
17 silly publish   keywords: [ 'ladda-angular', 'button', 'loading', 'ladda', 'angularjs' ],
17 silly publish   homepage: 'https://github.com/sachinchoolur/ladda-angular',
17 silly publish   bugs:
17 silly publish    { url: 'https://github.com/sachinchoolur/ladda-angular/issues',
17 silly publish      email: 'sachi77n@gmail.com' },
17 silly publish   author:
17 silly publish    { name: 'Sachin',
17 silly publish      email: 'sachi77n@gmail.com',
17 silly publish      url: 'https://github.com/sachinchoolur' },
17 silly publish   repository:
17 silly publish    { type: 'git',
17 silly publish      url: 'git@github.com:sachinchoolur/ladda-angular.git' },
17 silly publish   main: 'dist/ladda-angular.js',
17 silly publish   license: 'MIT',
17 silly publish   scripts: { test: 'grunt' },
17 silly publish   devDependencies:
17 silly publish    { grunt: '^0.4.5',
17 silly publish      'grunt-contrib-clean': '^0.6.0',
17 silly publish      'grunt-contrib-concat': '^0.5.0',
17 silly publish      'grunt-contrib-connect': '^0.9.0',
17 silly publish      'grunt-contrib-jshint': '^0.10.0',
17 silly publish      'grunt-contrib-qunit': '^0.5.1',
17 silly publish      'grunt-contrib-uglify': '^0.7.0',
17 silly publish      'grunt-contrib-watch': '^0.6.1',
17 silly publish      'jshint-stylish': '^1.0.0',
17 silly publish      'load-grunt-tasks': '^2.0.0',
17 silly publish      'time-grunt': '^1.0.0' },
17 silly publish   readme: '![license](https://img.shields.io/npm/l/ladda-angular.svg)\n![travis](https://travis-ci.org/sachinchoolur/ladda-angular.svg?branch=master)\n![bower](https://img.shields.io/bower/v/ladda-angular.svg)\n![npm](https://img.shields.io/npm/v/ladda-angular.svg)\n\n# ladda-angular\nAngularjs directive for [Ladda](http://lab.hakim.se/ladda/) button *`( <300 bytes )`* by [@hakimel](https://twitter.com/hakimel)\n\nDemo\n---\n[Ladda angular](http://sachinchoolur.github.io/ladda-angular/)\n\nYou can also check live demo on [codepen](http://codepen.io/sachinchoolur/pen/ogxpOZ)\n\nHow to use \n---\n#### Bower\n\nYou can Install ladda-angular using the [Bower](http://bower.io) package manager.\n\n```sh\n$ bower install ladda-angular --save\n```\n\n#### npm\n\nYou can also find ladda-angular on [npm](http://npmjs.org).\n\n```sh\n$ npm install ladda-angular\n```\n#### Create your ladda button\n\nFor more information about how to create ladda button please refer [ladda](https://github.com/hakimel/Ladda) button repository.\n\n#### The code\nadd the Following code into your document.\n``` html\n<script src="path/ladda-angular.min.js"></script>\n```\n#### module\nAdd `ladda` dependency to your module\n``` javascript \nvar myApp = angular.module("app", ["ladda"]);\n```\n#### directive\nAdd directive `ladda-button` with your normal ladda button.\n``` html\n<button ladda-button="laddaLoading" data-style="expand-right" class="ladda-button"><span class="ladda-label">Submit</span>\n```\nDirective attribute should be a scope variable with value true or false or number.\n* `true`   >> To start loading.\n* `false`  >> To stop loading.\n* `number` >> To set progress value.\n\n#### Controller example\n``` javascript\napp.controller(\'laddaDemoCtrl\', function ($scope, $interval, $timeout) {\n    // Example without progress Bar\n    $scope.showLoading = function () {\n        // Set ladda loading true\n        // Loading spinner will be shown;\n        $scope.laddaLoading = true;\n        $timeout(function () {\n            // Set ladda loading false after 3 Seconds. \n            // Loading spinner will be hidden;\n            $scope.laddaLoading = false;\n        }, 3000);\n    };\n\n    // Example without progress Bar\n    $scope.loadingWithProgress = function () {\n        // Set progress 0;\n        $scope.laddaLoadingBar = 0;\n        // Run in every 30 milliseconds\n        var interval = $interval(function () {\n            // Increment by 1; \n            $scope.laddaLoadingBar++;\n            if ($scope.laddaLoadingBar >= 100) {\n                // Cancel interval if progress is 100\n                $interval.cancel(interval);\n                //Set ladda loading false\n                $scope.laddaLoadingBar = false;\n            }\n        }, 30);\n    };\n});\n```\n\n#### [guidelines for contributors](https://github.com/sachinchoolur/ladda-angular/blob/master/contributing.md)\n\n#### MIT © [Sachin](https://twitter.com/sachinchoolur)\n\n\n\n\n\n',
17 silly publish   readmeFilename: 'README.md',
17 silly publish   gitHead: '77cfe12433c4683d774fb1b1384e8151e56d8e26',
17 silly publish   _id: 'ladda-angular@1.0.1',
17 silly publish   _shasum: '763c9975b6bb8321b6d66b2f54f297d29da3a88f',
17 silly publish   _from: '.' }
18 silly mapToRegistry name ladda-angular
19 silly mapToRegistry using default registry
20 silly mapToRegistry registry https://registry.npmjs.org/
21 silly mapToRegistry uri https://registry.npmjs.org/ladda-angular
22 verbose publish registryBase https://registry.npmjs.org/
23 silly publish uploading /home/sachin/.npm/ladda-angular/1.0.1/package.tgz
24 verbose stack Error: auth required for publishing
24 verbose stack     at CachingRegistryClient.publish (/usr/local/lib/node_modules/npm/node_modules/npm-registry-client/lib/publish.js:31:14)
24 verbose stack     at /usr/local/lib/node_modules/npm/lib/publish.js:134:14
24 verbose stack     at mapToRegistry (/usr/local/lib/node_modules/npm/lib/utils/map-to-registry.js:55:3)
24 verbose stack     at publish_ (/usr/local/lib/node_modules/npm/lib/publish.js:105:3)
24 verbose stack     at Array.<anonymous> (/usr/local/lib/node_modules/npm/node_modules/slide/lib/bind-actor.js:15:8)
24 verbose stack     at LOOP (/usr/local/lib/node_modules/npm/node_modules/slide/lib/chain.js:15:14)
24 verbose stack     at LOOP (/usr/local/lib/node_modules/npm/node_modules/slide/lib/chain.js:14:28)
24 verbose stack     at chain (/usr/local/lib/node_modules/npm/node_modules/slide/lib/chain.js:20:5)
24 verbose stack     at /usr/local/lib/node_modules/npm/lib/publish.js:65:5
24 verbose stack     at RES (/usr/local/lib/node_modules/npm/node_modules/inflight/inflight.js:23:14)
25 verbose cwd /home/sachin/workspace/ladda-angular
26 error Linux 3.13.0-45-generic
27 error argv "node" "/usr/local/bin/npm" "publish"
28 error node v0.11.16
29 error npm  v2.4.1
30 error code ENEEDAUTH
31 error need auth auth required for publishing
31 error need auth You need to authorize this machine using `npm adduser`
32 verbose exit [ 1, true ]
